<?xml version="1.0" encoding="UTF-8"?>
<testng-results skipped="0" failed="0" ignored="0" total="1" passed="1">
  <reporter-output>
  </reporter-output>
  <suite name="Suite" duration-ms="18056" started-at="2019-11-04T10:16:08Z" finished-at="2019-11-04T10:16:26Z">
    <groups>
    </groups>
    <test name="Test" duration-ms="18056" started-at="2019-11-04T10:16:08Z" finished-at="2019-11-04T10:16:26Z">
      <class name="Gmailsignup_POM.Test_singup">
        <test-method status="PASS" signature="signup_page()[pri:0, instance:Gmailsignup_POM.Test_singup@5419f379]" name="signup_page" duration-ms="18030" started-at="2019-11-04T15:46:08Z" finished-at="2019-11-04T15:46:26Z">
          <reporter-output>
          </reporter-output>
        </test-method> <!-- signup_page -->
      </class> <!-- Gmailsignup_POM.Test_singup -->
    </test> <!-- Test -->
  </suite> <!-- Suite -->
</testng-results>
